app/build/intermediates/manifest_merge_blame_file/debug/manifest-merger-blame-debug-report.txt
1<?xml version="1.0" encoding="utf-8"?>
2<manifest xmlns:android="http://schemas.android.com/apk/res/android"
3    package="com.nyimbozamani.nyimbozazamani"
4    android:versionCode="10503"
5    android:versionName="4.0.010_0319202134" >
6
7    <uses-sdk
8        android:minSdkVersion="21"
8-->src/main/AndroidManifest.xml
9        android:targetSdkVersion="29" />
9-->src/main/AndroidManifest.xml
10
11    <uses-permission android:name="android.permission.BLUETOOTH" />
11-->src/main/AndroidManifest.xml:6:5-68
11-->src/main/AndroidManifest.xml:6:22-65
12    <uses-permission android:name="android.permission.DISABLE_KEYGUARD" />
12-->src/main/AndroidManifest.xml:7:5-75
12-->src/main/AndroidManifest.xml:7:22-72
13    <uses-permission android:name="android.permission.WAKE_LOCK" />
13-->src/main/AndroidManifest.xml:8:5-68
13-->src/main/AndroidManifest.xml:8:22-65
14    <uses-permission android:name="android.permission.READ_EXTERNAL_STORAGE" />
14-->src/main/AndroidManifest.xml:9:5-80
14-->src/main/AndroidManifest.xml:9:22-77
15    <uses-permission android:name="android.permission.WRITE_EXTERNAL_STORAGE" />
15-->src/main/AndroidManifest.xml:10:5-81
15-->src/main/AndroidManifest.xml:10:22-78
16    <uses-permission android:name="android.permission.INTERNET" />
16-->src/main/AndroidManifest.xml:11:5-67
16-->src/main/AndroidManifest.xml:11:22-64
17    <uses-permission android:name="android.permission.ACCESS_NETWORK_STATE" />
17-->src/main/AndroidManifest.xml:12:5-79
17-->src/main/AndroidManifest.xml:12:22-76
18    <uses-permission android:name="android.permission.BROADCAST_STICKY" />
18-->src/main/AndroidManifest.xml:13:5-75
18-->src/main/AndroidManifest.xml:13:22-72
19    <uses-permission android:name="android.permission.FOREGROUND_SERVICE" />
19-->src/main/AndroidManifest.xml:14:5-77
19-->src/main/AndroidManifest.xml:14:22-74
20    <uses-permission android:name="android.permission.WRITE_SETTINGS" />
20-->src/main/AndroidManifest.xml:15:5-17:47
20-->src/main/AndroidManifest.xml:16:9-57
21    <uses-permission android:name="android.permission.RECEIVE_BOOT_COMPLETED" />
21-->src/main/AndroidManifest.xml:18:5-81
21-->src/main/AndroidManifest.xml:18:22-78
22    <uses-permission android:name="com.android.vending.BILLING" />
22-->src/main/AndroidManifest.xml:19:5-67
22-->src/main/AndroidManifest.xml:19:22-64
23    <uses-permission android:name="com.google.android.finsky.permission.BIND_GET_INSTALL_REFERRER_SERVICE" /> <!-- Android package visibility setting -->
23-->[com.google.android.gms:play-services-measurement:18.0.0] AndroidManifest.xml:26:5-110
23-->[com.google.android.gms:play-services-measurement:18.0.0] AndroidManifest.xml:26:22-107
24    <queries>
24-->[com.google.android.gms:play-services-ads-lite:19.7.0] AndroidManifest.xml:27:5-43:15
25
26        <!-- For browser content -->
27        <intent>
27-->[com.google.android.gms:play-services-ads-lite:19.7.0] AndroidManifest.xml:30:9-36:18
28            <action android:name="android.intent.action.VIEW" />
28-->src/main/AndroidManifest.xml:58:17-69
28-->src/main/AndroidManifest.xml:58:25-66
29
30            <category android:name="android.intent.category.BROWSABLE" />
30-->src/main/AndroidManifest.xml:83:17-78
30-->src/main/AndroidManifest.xml:83:27-75
31
32            <data android:scheme="https" />
32-->src/main/AndroidManifest.xml:62:17-50
32-->src/main/AndroidManifest.xml:62:23-47
33        </intent>
34        <!-- End of browser content -->
35        <!-- For CustomTabsService -->
36        <intent>
36-->[com.google.android.gms:play-services-ads-lite:19.7.0] AndroidManifest.xml:39:9-41:18
37            <action android:name="android.support.customtabs.action.CustomTabsService" />
37-->[com.google.android.gms:play-services-ads-lite:19.7.0] AndroidManifest.xml:40:13-90
37-->[com.google.android.gms:play-services-ads-lite:19.7.0] AndroidManifest.xml:40:21-87
38        </intent>
39        <!-- End of CustomTabsService -->
40    </queries>
41
42    <uses-permission android:name="android.permission.ACCESS_WIFI_STATE" />
42-->[com.amitshekhar.android:debug-db-base:1.0.6] AndroidManifest.xml:30:5-76
42-->[com.amitshekhar.android:debug-db-base:1.0.6] AndroidManifest.xml:30:22-73
43
44    <application
44-->src/main/AndroidManifest.xml:22:5-263:19
45        android:name="com.nyimbozamani.nyimbozazamani.App"
45-->src/main/AndroidManifest.xml:23:9-28
46        android:allowBackup="true"
46-->src/main/AndroidManifest.xml:24:9-35
47        android:appComponentFactory="androidx.core.app.CoreComponentFactory"
47-->[androidx.core:core:1.3.1] AndroidManifest.xml:24:18-86
48        android:configChanges="locale|layoutDirection"
48-->src/main/AndroidManifest.xml:25:9-55
49        android:debuggable="true"
50        android:icon="@mipmap/ic_launcher"
50-->src/main/AndroidManifest.xml:26:9-43
51        android:label="@string/app_name"
51-->src/main/AndroidManifest.xml:27:9-41
52        android:requestLegacyExternalStorage="true"
52-->src/main/AndroidManifest.xml:28:9-52
53        android:roundIcon="@mipmap/ic_launcher_round"
53-->src/main/AndroidManifest.xml:29:9-54
54        android:supportsRtl="true"
54-->src/main/AndroidManifest.xml:30:9-35
55        android:testOnly="true"
56        android:theme="@style/Theme.RetroMusic.FollowSystem"
56-->src/main/AndroidManifest.xml:31:9-61
57        android:usesCleartextTraffic="false" >
57-->src/main/AndroidManifest.xml:32:9-45
58        <meta-data
58-->src/main/AndroidManifest.xml:37:9-39:69
59            android:name="com.google.android.gms.ads.APPLICATION_ID"
59-->src/main/AndroidManifest.xml:38:13-69
60            android:value="ca-app-pub-5942769310685348~2281324515" />
60-->src/main/AndroidManifest.xml:39:13-67
61
62        <activity
62-->src/main/AndroidManifest.xml:40:9-113:20
63            android:name="com.nyimbozamani.nyimbozazamani.activities.MainActivity"
63-->src/main/AndroidManifest.xml:41:13-52
64            android:label="@string/app_name"
64-->src/main/AndroidManifest.xml:42:13-45
65            android:theme="@style/SplashTheme" >
65-->src/main/AndroidManifest.xml:43:13-47
66            <intent-filter>
66-->src/main/AndroidManifest.xml:44:13-51:29
67                <action android:name="android.intent.action.MAIN" />
67-->src/main/AndroidManifest.xml:45:17-69
67-->src/main/AndroidManifest.xml:45:25-66
68                <action android:name="android.intent.action.MUSIC_PLAYER" />
68-->src/main/AndroidManifest.xml:46:17-77
68-->src/main/AndroidManifest.xml:46:25-74
69
70                <category android:name="android.intent.category.LAUNCHER" />
70-->src/main/AndroidManifest.xml:48:17-77
70-->src/main/AndroidManifest.xml:48:27-74
71                <category android:name="android.intent.category.APP_MUSIC" />
71-->src/main/AndroidManifest.xml:49:17-78
71-->src/main/AndroidManifest.xml:49:27-75
72                <category android:name="android.intent.category.DEFAULT" />
72-->src/main/AndroidManifest.xml:50:17-76
72-->src/main/AndroidManifest.xml:50:27-73
73            </intent-filter>
74            <intent-filter>
74-->src/main/AndroidManifest.xml:52:13-56:29
75                <action android:name="android.media.action.MEDIA_PLAY_FROM_SEARCH" />
75-->src/main/AndroidManifest.xml:53:17-86
75-->src/main/AndroidManifest.xml:53:25-83
76
77                <category android:name="android.intent.category.DEFAULT" />
77-->src/main/AndroidManifest.xml:50:17-76
77-->src/main/AndroidManifest.xml:50:27-73
78            </intent-filter>
79            <intent-filter>
79-->src/main/AndroidManifest.xml:57:13-67:29
80                <action android:name="android.intent.action.VIEW" />
80-->src/main/AndroidManifest.xml:58:17-69
80-->src/main/AndroidManifest.xml:58:25-66
81
82                <category android:name="android.intent.category.DEFAULT" />
82-->src/main/AndroidManifest.xml:50:17-76
82-->src/main/AndroidManifest.xml:50:27-73
83
84                <data android:scheme="content" />
84-->src/main/AndroidManifest.xml:62:17-50
84-->src/main/AndroidManifest.xml:62:23-47
85                <data android:mimeType="audio/*" />
85-->src/main/AndroidManifest.xml:62:17-50
85-->src/main/AndroidManifest.xml:63:23-49
86                <data android:mimeType="application/ogg" />
86-->src/main/AndroidManifest.xml:62:17-50
86-->src/main/AndroidManifest.xml:63:23-49
87                <data android:mimeType="application/x-ogg" />
87-->src/main/AndroidManifest.xml:62:17-50
87-->src/main/AndroidManifest.xml:63:23-49
88                <data android:mimeType="application/itunes" />
88-->src/main/AndroidManifest.xml:62:17-50
88-->src/main/AndroidManifest.xml:63:23-49
89            </intent-filter>
90            <intent-filter>
90-->src/main/AndroidManifest.xml:68:13-78:29
91                <action android:name="android.intent.action.VIEW" />
91-->src/main/AndroidManifest.xml:58:17-69
91-->src/main/AndroidManifest.xml:58:25-66
92
93                <category android:name="android.intent.category.DEFAULT" />
93-->src/main/AndroidManifest.xml:50:17-76
93-->src/main/AndroidManifest.xml:50:27-73
94
95                <data android:scheme="file" />
95-->src/main/AndroidManifest.xml:62:17-50
95-->src/main/AndroidManifest.xml:62:23-47
96                <data android:mimeType="audio/*" />
96-->src/main/AndroidManifest.xml:62:17-50
96-->src/main/AndroidManifest.xml:63:23-49
97                <data android:mimeType="application/ogg" />
97-->src/main/AndroidManifest.xml:62:17-50
97-->src/main/AndroidManifest.xml:63:23-49
98                <data android:mimeType="application/x-ogg" />
98-->src/main/AndroidManifest.xml:62:17-50
98-->src/main/AndroidManifest.xml:63:23-49
99                <data android:mimeType="application/itunes" />
99-->src/main/AndroidManifest.xml:62:17-50
99-->src/main/AndroidManifest.xml:63:23-49
100            </intent-filter>
101            <intent-filter>
101-->src/main/AndroidManifest.xml:79:13-90:29
102                <action android:name="android.intent.action.VIEW" />
102-->src/main/AndroidManifest.xml:58:17-69
102-->src/main/AndroidManifest.xml:58:25-66
103
104                <category android:name="android.intent.category.DEFAULT" />
104-->src/main/AndroidManifest.xml:50:17-76
104-->src/main/AndroidManifest.xml:50:27-73
105                <category android:name="android.intent.category.BROWSABLE" />
105-->src/main/AndroidManifest.xml:83:17-78
105-->src/main/AndroidManifest.xml:83:27-75
106
107                <data android:scheme="http" />
107-->src/main/AndroidManifest.xml:62:17-50
107-->src/main/AndroidManifest.xml:62:23-47
108                <data android:mimeType="audio/*" />
108-->src/main/AndroidManifest.xml:62:17-50
108-->src/main/AndroidManifest.xml:63:23-49
109                <data android:mimeType="application/ogg" />
109-->src/main/AndroidManifest.xml:62:17-50
109-->src/main/AndroidManifest.xml:63:23-49
110                <data android:mimeType="application/x-ogg" />
110-->src/main/AndroidManifest.xml:62:17-50
110-->src/main/AndroidManifest.xml:63:23-49
111                <data android:mimeType="application/itunes" />
111-->src/main/AndroidManifest.xml:62:17-50
111-->src/main/AndroidManifest.xml:63:23-49
112            </intent-filter>
113            <intent-filter>
113-->src/main/AndroidManifest.xml:91:13-99:29
114                <action android:name="android.intent.action.VIEW" />
114-->src/main/AndroidManifest.xml:58:17-69
114-->src/main/AndroidManifest.xml:58:25-66
115
116                <category android:name="android.intent.category.DEFAULT" />
116-->src/main/AndroidManifest.xml:50:17-76
116-->src/main/AndroidManifest.xml:50:27-73
117
118                <data android:mimeType="vnd.android.cursor.dir/playlist" />
118-->src/main/AndroidManifest.xml:62:17-50
118-->src/main/AndroidManifest.xml:63:23-49
119                <data android:mimeType="vnd.android.cursor.dir/albums" />
119-->src/main/AndroidManifest.xml:62:17-50
119-->src/main/AndroidManifest.xml:63:23-49
120                <data android:mimeType="vnd.android.cursor.dir/artists" />
120-->src/main/AndroidManifest.xml:62:17-50
120-->src/main/AndroidManifest.xml:63:23-49
121            </intent-filter>
122            <intent-filter>
122-->src/main/AndroidManifest.xml:100:13-104:29
123                <action android:name="com.cyanogenmod.eleven.AUDIO_PLAYER" />
123-->src/main/AndroidManifest.xml:101:17-78
123-->src/main/AndroidManifest.xml:101:25-75
124
125                <category android:name="android.intent.category.DEFAULT" />
125-->src/main/AndroidManifest.xml:50:17-76
125-->src/main/AndroidManifest.xml:50:27-73
126            </intent-filter>
127            <intent-filter>
127-->src/main/AndroidManifest.xml:105:13-112:29
128                <action android:name="android.intent.action.PICK" />
128-->src/main/AndroidManifest.xml:106:17-69
128-->src/main/AndroidManifest.xml:106:25-66
129
130                <category android:name="android.intent.category.DEFAULT" />
130-->src/main/AndroidManifest.xml:50:17-76
130-->src/main/AndroidManifest.xml:50:27-73
131                <category android:name="android.intent.category.OPENABLE" />
131-->src/main/AndroidManifest.xml:109:17-77
131-->src/main/AndroidManifest.xml:109:27-74
132
133                <data android:mimeType="vnd.android.cursor.dir/audio" />
133-->src/main/AndroidManifest.xml:62:17-50
133-->src/main/AndroidManifest.xml:63:23-49
134            </intent-filter>
135        </activity>
136        <activity android:name="com.nyimbozamani.nyimbozazamani.activities.PlayingQueueActivity" />
136-->src/main/AndroidManifest.xml:114:9-69
136-->src/main/AndroidManifest.xml:114:19-66
137        <activity android:name="com.nyimbozamani.nyimbozazamani.activities.SettingsActivity" />
137-->src/main/AndroidManifest.xml:115:9-65
137-->src/main/AndroidManifest.xml:115:19-62
138        <activity android:name="com.nyimbozamani.nyimbozazamani.activities.tageditor.AlbumTagEditorActivity" />
138-->src/main/AndroidManifest.xml:116:9-81
138-->src/main/AndroidManifest.xml:116:19-78
139        <activity android:name="com.nyimbozamani.nyimbozazamani.activities.tageditor.SongTagEditorActivity" />
139-->src/main/AndroidManifest.xml:117:9-80
139-->src/main/AndroidManifest.xml:117:19-77
140        <activity android:name="com.nyimbozamani.nyimbozazamani.activities.LyricsActivity" />
140-->src/main/AndroidManifest.xml:118:9-63
140-->src/main/AndroidManifest.xml:118:19-60
141        <activity android:name="com.nyimbozamani.nyimbozazamani.activities.UserInfoActivity" />
141-->src/main/AndroidManifest.xml:119:9-65
141-->src/main/AndroidManifest.xml:119:19-62
142        <activity android:name="com.nyimbozamani.nyimbozazamani.activities.LicenseActivity" />
142-->src/main/AndroidManifest.xml:120:9-64
142-->src/main/AndroidManifest.xml:120:19-61
143        <activity android:name="com.nyimbozamani.nyimbozazamani.activities.WhatsNewActivity" />
143-->src/main/AndroidManifest.xml:121:9-65
143-->src/main/AndroidManifest.xml:121:19-62
144        <activity android:name="com.nyimbozamani.nyimbozazamani.activities.bugreport.BugReportActivity" />
144-->src/main/AndroidManifest.xml:122:9-76
144-->src/main/AndroidManifest.xml:122:19-73
145        <activity android:name="com.nyimbozamani.nyimbozazamani.activities.ShareInstagramStory" />
145-->src/main/AndroidManifest.xml:123:9-68
145-->src/main/AndroidManifest.xml:123:19-65
146        <activity android:name="com.nyimbozamani.nyimbozazamani.activities.DriveModeActivity" />
146-->src/main/AndroidManifest.xml:124:9-66
146-->src/main/AndroidManifest.xml:124:19-63
147        <activity android:name="com.nyimbozamani.nyimbozazamani.activities.PermissionActivity" />
147-->src/main/AndroidManifest.xml:125:9-67
147-->src/main/AndroidManifest.xml:125:19-64
148        <activity android:name="com.nyimbozamani.nyimbozazamani.activities.LockScreenActivity" />
148-->src/main/AndroidManifest.xml:126:9-67
148-->src/main/AndroidManifest.xml:126:19-64
149        <activity
149-->src/main/AndroidManifest.xml:128:9-131:75
150            android:name="com.nyimbozamani.nyimbozazamani.appshortcuts.AppShortcutLauncherActivity"
150-->src/main/AndroidManifest.xml:129:13-69
151            android:launchMode="singleInstance"
151-->src/main/AndroidManifest.xml:130:13-48
152            android:theme="@android:style/Theme.Translucent.NoTitleBar" />
152-->src/main/AndroidManifest.xml:131:13-72
153        <activity
153-->src/main/AndroidManifest.xml:133:9-135:50
154            android:name="com.nyimbozamani.nyimbozazamani.activities.saf.SAFGuideActivity"
154-->src/main/AndroidManifest.xml:134:13-60
155            android:theme="@style/Theme.Intro" />
155-->src/main/AndroidManifest.xml:135:13-47
156
157        <provider
158            android:name="com.nyimbozamani.nyimbozazamani.misc.GenericFileProvider"
158-->src/main/AndroidManifest.xml:138:13-53
159            android:authorities="com.nyimbozamani.nyimbozazamani.provider"
159-->src/main/AndroidManifest.xml:139:13-60
160            android:exported="false"
160-->src/main/AndroidManifest.xml:140:13-37
161            android:grantUriPermissions="true" >
161-->src/main/AndroidManifest.xml:141:13-47
162            <meta-data
162-->src/main/AndroidManifest.xml:142:13-144:58
163                android:name="android.support.FILE_PROVIDER_PATHS"
163-->src/main/AndroidManifest.xml:143:17-67
164                android:resource="@xml/provider_paths" />
164-->src/main/AndroidManifest.xml:144:17-55
165        </provider>
166        <provider
167            android:name="androidx.core.content.FileProvider"
167-->src/main/AndroidManifest.xml:149:13-62
168            android:authorities="com.nyimbozamani.nyimbozazamani"
168-->src/main/AndroidManifest.xml:150:13-51
169            android:exported="false"
169-->src/main/AndroidManifest.xml:151:13-37
170            android:grantUriPermissions="true" >
170-->src/main/AndroidManifest.xml:152:13-47
171            <meta-data
171-->src/main/AndroidManifest.xml:142:13-144:58
172                android:name="android.support.FILE_PROVIDER_PATHS"
172-->src/main/AndroidManifest.xml:143:17-67
173                android:resource="@xml/provider_paths" />
173-->src/main/AndroidManifest.xml:144:17-55
174        </provider>
175
176        <receiver android:name="com.nyimbozamani.nyimbozazamani.service.MediaButtonIntentReceiver" >
176-->src/main/AndroidManifest.xml:158:9-162:20
176-->src/main/AndroidManifest.xml:158:19-68
177            <intent-filter>
177-->src/main/AndroidManifest.xml:159:13-161:29
178                <action android:name="android.intent.action.MEDIA_BUTTON" />
178-->src/main/AndroidManifest.xml:160:17-77
178-->src/main/AndroidManifest.xml:160:25-74
179            </intent-filter>
180        </receiver>
181        <receiver android:name="com.nyimbozamani.nyimbozazamani.appwidgets.BootReceiver" >
181-->src/main/AndroidManifest.xml:164:9-169:20
181-->src/main/AndroidManifest.xml:164:19-58
182            <intent-filter>
182-->src/main/AndroidManifest.xml:165:13-168:29
183                <action android:name="android.intent.action.BOOT_COMPLETED" />
183-->src/main/AndroidManifest.xml:166:17-79
183-->src/main/AndroidManifest.xml:166:25-76
184                <action android:name="android.intent.action.QUICKBOOT_POWERON" />
184-->src/main/AndroidManifest.xml:167:17-82
184-->src/main/AndroidManifest.xml:167:25-79
185            </intent-filter>
186        </receiver>
187        <receiver
187-->src/main/AndroidManifest.xml:171:9-182:20
188            android:name="com.nyimbozamani.nyimbozazamani.appwidgets.AppWidgetBig"
188-->src/main/AndroidManifest.xml:172:13-52
189            android:exported="false"
189-->src/main/AndroidManifest.xml:173:13-37
190            android:label="@string/app_widget_big_name" >
190-->src/main/AndroidManifest.xml:174:13-56
191            <intent-filter>
191-->src/main/AndroidManifest.xml:175:13-177:29
192                <action android:name="android.appwidget.action.APPWIDGET_UPDATE" />
192-->src/main/AndroidManifest.xml:176:17-84
192-->src/main/AndroidManifest.xml:176:25-81
193            </intent-filter>
194
195            <meta-data
195-->src/main/AndroidManifest.xml:179:13-181:63
196                android:name="android.appwidget.provider"
196-->src/main/AndroidManifest.xml:180:17-58
197                android:resource="@xml/app_widget_big_info" />
197-->src/main/AndroidManifest.xml:181:17-60
198        </receiver>
199        <receiver
199-->src/main/AndroidManifest.xml:184:9-195:20
200            android:name="com.nyimbozamani.nyimbozazamani.appwidgets.AppWidgetClassic"
200-->src/main/AndroidManifest.xml:185:13-56
201            android:exported="false"
201-->src/main/AndroidManifest.xml:186:13-37
202            android:label="@string/app_widget_classic_name" >
202-->src/main/AndroidManifest.xml:187:13-60
203            <intent-filter>
203-->src/main/AndroidManifest.xml:175:13-177:29
204                <action android:name="android.appwidget.action.APPWIDGET_UPDATE" />
204-->src/main/AndroidManifest.xml:176:17-84
204-->src/main/AndroidManifest.xml:176:25-81
205            </intent-filter>
206
207            <meta-data
207-->src/main/AndroidManifest.xml:179:13-181:63
208                android:name="android.appwidget.provider"
208-->src/main/AndroidManifest.xml:180:17-58
209                android:resource="@xml/app_widget_classic_info" />
209-->src/main/AndroidManifest.xml:181:17-60
210        </receiver>
211        <receiver
211-->src/main/AndroidManifest.xml:196:9-207:20
212            android:name="com.nyimbozamani.nyimbozazamani.appwidgets.AppWidgetSmall"
212-->src/main/AndroidManifest.xml:197:13-54
213            android:exported="false"
213-->src/main/AndroidManifest.xml:198:13-37
214            android:label="@string/app_widget_small_name" >
214-->src/main/AndroidManifest.xml:199:13-58
215            <intent-filter>
215-->src/main/AndroidManifest.xml:175:13-177:29
216                <action android:name="android.appwidget.action.APPWIDGET_UPDATE" />
216-->src/main/AndroidManifest.xml:176:17-84
216-->src/main/AndroidManifest.xml:176:25-81
217            </intent-filter>
218
219            <meta-data
219-->src/main/AndroidManifest.xml:179:13-181:63
220                android:name="android.appwidget.provider"
220-->src/main/AndroidManifest.xml:180:17-58
221                android:resource="@xml/app_widget_small_info" />
221-->src/main/AndroidManifest.xml:181:17-60
222        </receiver>
223        <receiver
223-->src/main/AndroidManifest.xml:208:9-219:20
224            android:name="com.nyimbozamani.nyimbozazamani.appwidgets.AppWidgetText"
224-->src/main/AndroidManifest.xml:209:13-53
225            android:exported="false"
225-->src/main/AndroidManifest.xml:210:13-37
226            android:label="@string/app_widget_text_name" >
226-->src/main/AndroidManifest.xml:211:13-57
227            <intent-filter>
227-->src/main/AndroidManifest.xml:175:13-177:29
228                <action android:name="android.appwidget.action.APPWIDGET_UPDATE" />
228-->src/main/AndroidManifest.xml:176:17-84
228-->src/main/AndroidManifest.xml:176:25-81
229            </intent-filter>
230
231            <meta-data
231-->src/main/AndroidManifest.xml:179:13-181:63
232                android:name="android.appwidget.provider"
232-->src/main/AndroidManifest.xml:180:17-58
233                android:resource="@xml/app_widget_text" />
233-->src/main/AndroidManifest.xml:181:17-60
234        </receiver>
235        <receiver
235-->src/main/AndroidManifest.xml:220:9-231:20
236            android:name="com.nyimbozamani.nyimbozazamani.appwidgets.AppWidgetCard"
236-->src/main/AndroidManifest.xml:221:13-53
237            android:exported="false"
237-->src/main/AndroidManifest.xml:222:13-37
238            android:label="@string/app_widget_card_name" >
238-->src/main/AndroidManifest.xml:223:13-57
239            <intent-filter>
239-->src/main/AndroidManifest.xml:175:13-177:29
240                <action android:name="android.appwidget.action.APPWIDGET_UPDATE" />
240-->src/main/AndroidManifest.xml:176:17-84
240-->src/main/AndroidManifest.xml:176:25-81
241            </intent-filter>
242
243            <meta-data
243-->src/main/AndroidManifest.xml:179:13-181:63
244                android:name="android.appwidget.provider"
244-->src/main/AndroidManifest.xml:180:17-58
245                android:resource="@xml/app_widget_card_info" />
245-->src/main/AndroidManifest.xml:181:17-60
246        </receiver>
247
248        <service
248-->src/main/AndroidManifest.xml:233:9-242:19
249            android:name="com.nyimbozamani.nyimbozazamani.service.MusicService"
249-->src/main/AndroidManifest.xml:234:13-49
250            android:enabled="true"
250-->src/main/AndroidManifest.xml:235:13-35
251            android:exported="true"
251-->src/main/AndroidManifest.xml:236:13-36
252            android:label="@string/app_name" >
252-->src/main/AndroidManifest.xml:237:13-45
253            <intent-filter>
253-->src/main/AndroidManifest.xml:239:13-241:29
254                <action android:name="android.media.browse.MediaBrowserService" />
254-->src/main/AndroidManifest.xml:240:17-83
254-->src/main/AndroidManifest.xml:240:25-80
255            </intent-filter>
256        </service>
257
258        <meta-data
258-->src/main/AndroidManifest.xml:244:9-246:35
259            android:name="android.max_aspect"
259-->src/main/AndroidManifest.xml:245:13-46
260            android:value="2.1" />
260-->src/main/AndroidManifest.xml:246:13-32
261        <meta-data
261-->src/main/AndroidManifest.xml:248:9-250:36
262            android:name="com.lge.support.SPLIT_WINDOW"
262-->src/main/AndroidManifest.xml:249:13-56
263            android:value="true" />
263-->src/main/AndroidManifest.xml:250:13-33
264        <meta-data
264-->src/main/AndroidManifest.xml:252:9-254:43
265            android:name="com.nyimbozamani.nyimbozazamani.glide.RetroMusicGlideModule"
265-->src/main/AndroidManifest.xml:253:13-87
266            android:value="GlideModule" />
266-->src/main/AndroidManifest.xml:254:13-40
267        <meta-data
267-->src/main/AndroidManifest.xml:256:9-258:43
268            android:name="com.bumptech.glide.integration.okhttp3.OkHttpGlideModule"
268-->src/main/AndroidManifest.xml:257:13-84
269            android:value="GlideModule" />
269-->src/main/AndroidManifest.xml:258:13-40
270        <meta-data
270-->src/main/AndroidManifest.xml:260:9-262:36
271            android:name="com.android.vending.splits.required"
271-->src/main/AndroidManifest.xml:261:13-63
272            android:value="true" />
272-->src/main/AndroidManifest.xml:262:13-33
273
274        <provider
274-->[com.amitshekhar.android:debug-db:1.0.6] AndroidManifest.xml:12:9-16:40
275            android:name="com.amitshekhar.debug.DebugDBInitProvider"
275-->[com.amitshekhar.android:debug-db:1.0.6] AndroidManifest.xml:13:13-69
276            android:authorities="com.nyimbozamani.nyimbozazamani.DebugDBInitProvider"
276-->[com.amitshekhar.android:debug-db:1.0.6] AndroidManifest.xml:14:13-71
277            android:enabled="true"
277-->[com.amitshekhar.android:debug-db:1.0.6] AndroidManifest.xml:15:13-35
278            android:exported="false" />
278-->[com.amitshekhar.android:debug-db:1.0.6] AndroidManifest.xml:16:13-37
279
280        <activity
280-->[com.github.dhaval2404:imagepicker:1.7.1] AndroidManifest.xml:15:9-18:68
281            android:name="com.github.dhaval2404.imagepicker.ImagePickerActivity"
281-->[com.github.dhaval2404:imagepicker:1.7.1] AndroidManifest.xml:16:13-81
282            android:screenOrientation="unspecified"
282-->[com.github.dhaval2404:imagepicker:1.7.1] AndroidManifest.xml:17:13-52
283            android:theme="@style/Theme.Transparent.ImagePicker" />
283-->[com.github.dhaval2404:imagepicker:1.7.1] AndroidManifest.xml:18:13-65
284        <activity
284-->[com.github.dhaval2404:imagepicker:1.7.1] AndroidManifest.xml:19:9-22:72
285            android:name="com.yalantis.ucrop.UCropActivity"
285-->[com.github.dhaval2404:imagepicker:1.7.1] AndroidManifest.xml:20:13-60
286            android:screenOrientation="portrait"
286-->[com.github.dhaval2404:imagepicker:1.7.1] AndroidManifest.xml:21:13-49
287            android:theme="@style/Theme.AppCompat.Light.NoActionBar" />
287-->[com.github.dhaval2404:imagepicker:1.7.1] AndroidManifest.xml:22:13-69
288
289        <provider
289-->[com.github.dhaval2404:imagepicker:1.7.1] AndroidManifest.xml:24:9-32:20
290            android:name="com.github.dhaval2404.imagepicker.ImagePickerFileProvider"
290-->[com.github.dhaval2404:imagepicker:1.7.1] AndroidManifest.xml:25:13-85
291            android:authorities="com.nyimbozamani.nyimbozazamani.imagepicker.provider"
291-->[com.github.dhaval2404:imagepicker:1.7.1] AndroidManifest.xml:26:13-72
292            android:exported="false"
292-->[com.github.dhaval2404:imagepicker:1.7.1] AndroidManifest.xml:27:13-37
293            android:grantUriPermissions="true" >
293-->[com.github.dhaval2404:imagepicker:1.7.1] AndroidManifest.xml:28:13-47
294            <meta-data
294-->src/main/AndroidManifest.xml:142:13-144:58
295                android:name="android.support.FILE_PROVIDER_PATHS"
295-->src/main/AndroidManifest.xml:143:17-67
296                android:resource="@xml/image_picker_provider_paths" />
296-->src/main/AndroidManifest.xml:144:17-55
297        </provider>
298
299        <service
299-->[com.google.firebase:firebase-database-ktx:19.5.1] AndroidManifest.xml:12:9-18:19
300            android:name="com.google.firebase.components.ComponentDiscoveryService"
300-->[com.google.firebase:firebase-database-ktx:19.5.1] AndroidManifest.xml:13:13-84
301            android:directBootAware="true"
301-->[com.google.firebase:firebase-common:19.4.0] AndroidManifest.xml:35:13-43
302            android:exported="false" >
302-->[com.google.firebase:firebase-database-ktx:19.5.1] AndroidManifest.xml:14:13-37
303            <meta-data
303-->[com.google.firebase:firebase-database-ktx:19.5.1] AndroidManifest.xml:15:13-17:85
304                android:name="com.google.firebase.components:com.google.firebase.database.ktx.FirebaseDatabaseKtxRegistrar"
304-->[com.google.firebase:firebase-database-ktx:19.5.1] AndroidManifest.xml:16:17-124